<?xml version="1.0" encoding="UTF-8"?>
<testsuite name="com.foonk.HibernateRunnerTest" tests="1" skipped="0" failures="0" errors="0" timestamp="2022-03-04T20:02:33" hostname="KATE" time="3.437">
  <properties/>
  <testcase name="checkHql()" classname="com.foonk.HibernateRunnerTest" time="3.437"/>
  <system-out><![CDATA[[23:02:33,565] INFO [org.hibernate.Version: 44] HHH000412: Hibernate ORM core version 5.6.5.Final
[23:02:33,897] INFO [Hibernate Types: 298] This framework is proudly powered by:

>>>>>>>>>>>>>>>>>>>>>>>>>>>>>>>>>>>>>>>>>>>>>>>>>>>>>>>>>>>>>>>>
 _    _                           _     _
| |  | |                         (_)   | |
| |__| |_   _ _ __   ___ _ __ ___ _ ___| |_ ___ _ __   ___ ___
|  __  | | | | '_ \ / _ \ '__/ __| / __| __/ _ \ '_ \ / __/ _ \
| |  | | |_| | |_) |  __/ |  \__ \ \__ \ ||  __/ | | | (_|  __/
|_|  |_|\__, | .__/ \___|_|  |___/_|___/\__\___|_| |_|\___\___|
         __/ | |
        |___/|_|

At Hypersistence, we only build amazing tools, like Hibernate Types, Flexy Pool, or Hypersistence Optimizer.

What if there were a tool that could automatically detect JPA and Hibernate performance issues?

Hypersistence Optimizer is that tool! For more details, go to: 

https://vladmihalcea.com/hypersistence-optimizer/
<<<<<<<<<<<<<<<<<<<<<<<<<<<<<<<<<<<<<<<<<<<<<<<<<<<<<<<<<<<<<<<<

[23:02:34,794] INFO [org.hibernate.annotations.common.Version: 56] HCANN000001: Hibernate Commons Annotations {5.1.2.Final}
[23:02:35,006] WARN [org.hibernate.orm.connections.pooling: 72] HHH10001002: Using Hibernate built-in connection pool (not for production use!)
[23:02:35,020] INFO [org.hibernate.orm.connections.pooling: 115] HHH10001005: using driver [org.postgresql.Driver] at URL [jdbc:postgresql://localhost:5432/postgres]
[23:02:35,022] INFO [org.hibernate.orm.connections.pooling: 124] HHH10001001: Connection properties: {password=****, user=postgres}
[23:02:35,025] INFO [org.hibernate.orm.connections.pooling: 129] HHH10001003: Autocommit mode: false
[23:02:35,031] INFO [org.hibernate.engine.jdbc.connections.internal.DriverManagerConnectionProviderImpl: 274] HHH000115: Hibernate connection pool size: 20 (min=1)
[23:02:35,260] INFO [org.hibernate.dialect.Dialect: 175] HHH000400: Using dialect: org.hibernate.dialect.PostgreSQL10Dialect
[23:02:35,634] WARN [org.hibernate.type.descriptor.java.JavaTypeDescriptorRegistry: 144] HHH000481: Encountered Java type [class com.foonk.entitiy.Birthday] for which we could not locate a JavaTypeDescriptor and which does not appear to implement equals and/or hashCode.  This can lead to significant performance problems when performing equality/dirty checking involving this Java type.  Consider registering a custom JavaTypeDescriptor or at least implementing equals/hashCode.
[23:02:36,488] INFO [org.hibernate.engine.transaction.jta.platform.internal.JtaPlatformInitiator: 52] HHH000490: Using JtaPlatform implementation: [org.hibernate.engine.transaction.jta.platform.internal.NoJtaPlatform]
Hibernate: 
    select
        user0_.id as id1_4_,
        user0_.company_id as company_8_4_,
        user0_.info as info2_4_,
        user0_.birth_date as birth_da3_4_,
        user0_.firstname as firstnam4_4_,
        user0_.lastname as lastname5_4_,
        user0_.role as role6_4_,
        user0_.username as username7_4_ 
    from
        users user0_ 
    where
        user0_.firstname='Ivan'
[23:02:36,728] INFO [org.hibernate.orm.connections.pooling: 502] HHH10001008: Cleaning up connection pool [jdbc:postgresql://localhost:5432/postgres]
]]></system-out>
  <system-err><![CDATA[]]></system-err>
</testsuite>
